<?xml version="1.0" ?>
<!DOCTYPE coverage SYSTEM "http://cobertura.sourceforge.net/xml/coverage-04.dtd">
<coverage lines-valid="4" lines-covered="4" line-rate="1" branches-valid="0" branches-covered="0" branch-rate="1" timestamp="1575544110066" complexity="0" version="0.1">
  <sources>
    <source>/home/christian.silva/Documentos/projetos/jenkins_test</source>
  </sources>
  <packages>
    <class name="App.tsx" filename="src/App.tsx" line-rate="1" branch-rate="1">
      <methods>
        <method name="(anonymous_0)" hits="1" signature="()V">
          <lines>
            <line number="3" hits="1"/>
          </lines>
        </method>
      </methods>
      <lines>
        <line number="3" hits="1" branch="false"/>
        <line number="4" hits="1" branch="false"/>
      </lines>
    </class>
    <class name="Counter.tsx" filename="src/Counter.tsx" line-rate="1" branch-rate="1">
      <methods>
        <method name="(anonymous_0)" hits="2" signature="()V">
          <lines>
            <line number="7" hits="2"/>
          </lines>
        </method>
      </methods>
      <lines>
        <line number="7" hits="1" branch="false"/>
        <line number="8" hits="2" branch="false"/>
      </lines>
    </class>
  </packages>
</coverage>
